{"C:\\Users\\admin\\Desktop\\Namaste_React\\src\\Components\\Contact.js": {"path":"C:\\Users\\admin\\Desktop\\Namaste_React\\src\\Components\\Contact.js","statementMap":{"0":{"start":{"line":1,"column":16},"end":{"line":20,"column":1}},"1":{"start":{"line":2,"column":2},"end":{"line":19,"column":4}}},"fnMap":{"0":{"name":"(anonymous_0)","decl":{"start":{"line":1,"column":16},"end":{"line":1,"column":17}},"loc":{"start":{"line":1,"column":22},"end":{"line":20,"column":1}},"line":1}},"branchMap":{},"s":{"0":1,"1":4},"f":{"0":4},"b":{},"_coverageSchema":"1a1c01bbd47fc00a2c39e90264f33305004495a9","hash":"832919f27a381107a2049f24f018f4dc5623c553"}
,"C:\\Users\\admin\\Desktop\\Namaste_React\\src\\Components\\Header.js": {"path":"C:\\Users\\admin\\Desktop\\Namaste_React\\src\\Components\\Header.js","statementMap":{"0":{"start":{"line":7,"column":15},"end":{"line":52,"column":1}},"1":{"start":{"line":8,"column":34},"end":{"line":8,"column":48}},"2":{"start":{"line":9,"column":23},"end":{"line":9,"column":40}},"3":{"start":{"line":12,"column":15},"end":{"line":12,"column":55}},"4":{"start":{"line":12,"column":38},"end":{"line":12,"column":54}},"5":{"start":{"line":15,"column":25},"end":{"line":15,"column":50}},"6":{"start":{"line":16,"column":2},"end":{"line":51,"column":4}},"7":{"start":{"line":42,"column":14},"end":{"line":42,"column":37}}},"fnMap":{"0":{"name":"(anonymous_0)","decl":{"start":{"line":7,"column":15},"end":{"line":7,"column":16}},"loc":{"start":{"line":7,"column":21},"end":{"line":52,"column":1}},"line":7},"1":{"name":"(anonymous_1)","decl":{"start":{"line":12,"column":27},"end":{"line":12,"column":28}},"loc":{"start":{"line":12,"column":38},"end":{"line":12,"column":54}},"line":12},"2":{"name":"(anonymous_2)","decl":{"start":{"line":41,"column":21},"end":{"line":41,"column":22}},"loc":{"start":{"line":41,"column":27},"end":{"line":43,"column":13}},"line":41}},"branchMap":{"0":{"loc":{"start":{"line":23,"column":30},"end":{"line":23,"column":55}},"type":"cond-expr","locations":[{"start":{"line":23,"column":45},"end":{"line":23,"column":48}},{"start":{"line":23,"column":51},"end":{"line":23,"column":55}}],"line":23},"1":{"loc":{"start":{"line":45,"column":13},"end":{"line":45,"column":42}},"type":"cond-expr","locations":[{"start":{"line":45,"column":24},"end":{"line":45,"column":31}},{"start":{"line":45,"column":34},"end":{"line":45,"column":42}}],"line":45}},"s":{"0":1,"1":5,"2":5,"3":5,"4":9,"5":5,"6":5,"7":1},"f":{"0":5,"1":9,"2":1},"b":{"0":[5,0],"1":[4,1]},"_coverageSchema":"1a1c01bbd47fc00a2c39e90264f33305004495a9","hash":"8e86cd78b6c04a54e4a0f6db1a0ad1a96ccac0cb"}
,"C:\\Users\\admin\\Desktop\\Namaste_React\\src\\Components\\Restrocard.js": {"path":"C:\\Users\\admin\\Desktop\\Namaste_React\\src\\Components\\Restrocard.js","statementMap":{"0":{"start":{"line":3,"column":19},"end":{"line":28,"column":1}},"1":{"start":{"line":13,"column":6},"end":{"line":13,"column":13}},"2":{"start":{"line":15,"column":2},"end":{"line":27,"column":4}},"3":{"start":{"line":32,"column":32},"end":{"line":43,"column":1}},"4":{"start":{"line":33,"column":2},"end":{"line":42,"column":4}},"5":{"start":{"line":34,"column":4},"end":{"line":41,"column":6}}},"fnMap":{"0":{"name":"(anonymous_0)","decl":{"start":{"line":3,"column":19},"end":{"line":3,"column":20}},"loc":{"start":{"line":3,"column":36},"end":{"line":28,"column":1}},"line":3},"1":{"name":"(anonymous_1)","decl":{"start":{"line":32,"column":32},"end":{"line":32,"column":33}},"loc":{"start":{"line":32,"column":48},"end":{"line":43,"column":1}},"line":32},"2":{"name":"(anonymous_2)","decl":{"start":{"line":33,"column":9},"end":{"line":33,"column":10}},"loc":{"start":{"line":33,"column":20},"end":{"line":42,"column":3}},"line":33}},"branchMap":{},"s":{"0":1,"1":1,"2":1,"3":1,"4":0,"5":0},"f":{"0":1,"1":0,"2":0},"b":{},"_coverageSchema":"1a1c01bbd47fc00a2c39e90264f33305004495a9","hash":"d890a3ebf017b50d0187ba5439a04c1eb69300d0"}
,"C:\\Users\\admin\\Desktop\\Namaste_React\\src\\Components\\sum.js": {"path":"C:\\Users\\admin\\Desktop\\Namaste_React\\src\\Components\\sum.js","statementMap":{"0":{"start":{"line":1,"column":19},"end":{"line":3,"column":1}},"1":{"start":{"line":2,"column":2},"end":{"line":2,"column":15}}},"fnMap":{"0":{"name":"(anonymous_0)","decl":{"start":{"line":1,"column":19},"end":{"line":1,"column":20}},"loc":{"start":{"line":1,"column":29},"end":{"line":3,"column":1}},"line":1}},"branchMap":{},"s":{"0":1,"1":1},"f":{"0":1},"b":{},"_coverageSchema":"1a1c01bbd47fc00a2c39e90264f33305004495a9","hash":"0bdf7e72157ff1c38a96eac008af66316d43b610"}
,"C:\\Users\\admin\\Desktop\\Namaste_React\\src\\utils\\appStore.js": {"path":"C:\\Users\\admin\\Desktop\\Namaste_React\\src\\utils\\appStore.js","statementMap":{"0":{"start":{"line":3,"column":17},"end":{"line":7,"column":2}}},"fnMap":{},"branchMap":{},"s":{"0":1},"f":{},"b":{},"_coverageSchema":"1a1c01bbd47fc00a2c39e90264f33305004495a9","hash":"49787ae9316ee0fe3c42a123d093b4d864424478"}
,"C:\\Users\\admin\\Desktop\\Namaste_React\\src\\utils\\cartSlice.js": {"path":"C:\\Users\\admin\\Desktop\\Namaste_React\\src\\utils\\cartSlice.js","statementMap":{"0":{"start":{"line":3,"column":18},"end":{"line":20,"column":2}},"1":{"start":{"line":11,"column":6},"end":{"line":11,"column":39}},"2":{"start":{"line":14,"column":6},"end":{"line":14,"column":24}},"3":{"start":{"line":17,"column":4},"end":{"line":17,"column":27}},"4":{"start":{"line":22,"column":50},"end":{"line":22,"column":67}}},"fnMap":{"0":{"name":"(anonymous_0)","decl":{"start":{"line":9,"column":13},"end":{"line":9,"column":14}},"loc":{"start":{"line":9,"column":32},"end":{"line":12,"column":5}},"line":9},"1":{"name":"(anonymous_1)","decl":{"start":{"line":13,"column":16},"end":{"line":13,"column":17}},"loc":{"start":{"line":13,"column":35},"end":{"line":15,"column":5}},"line":13},"2":{"name":"(anonymous_2)","decl":{"start":{"line":16,"column":15},"end":{"line":16,"column":16}},"loc":{"start":{"line":16,"column":33},"end":{"line":18,"column":5}},"line":16}},"branchMap":{},"s":{"0":1,"1":0,"2":0,"3":0,"4":1},"f":{"0":0,"1":0,"2":0},"b":{},"_coverageSchema":"1a1c01bbd47fc00a2c39e90264f33305004495a9","hash":"1085f72b3d2c19808b9e2c23b78ef169e5a2307c"}
,"C:\\Users\\admin\\Desktop\\Namaste_React\\src\\utils\\constants.js": {"path":"C:\\Users\\admin\\Desktop\\Namaste_React\\src\\utils\\constants.js","statementMap":{"0":{"start":{"line":2,"column":2},"end":{"line":2,"column":111}},"1":{"start":{"line":4,"column":2},"end":{"line":4,"column":85}},"2":{"start":{"line":6,"column":4},"end":{"line":6,"column":125}},"3":{"start":{"line":8,"column":6},"end":{"line":8,"column":142}},"4":{"start":{"line":10,"column":8},"end":{"line":10,"column":109}}},"fnMap":{},"branchMap":{},"s":{"0":2,"1":2,"2":2,"3":2,"4":2},"f":{},"b":{},"_coverageSchema":"1a1c01bbd47fc00a2c39e90264f33305004495a9","hash":"9b520410987aa0771de605cd46944230422bc4f9"}
,"C:\\Users\\admin\\Desktop\\Namaste_React\\src\\utils\\useContextApi.js": {"path":"C:\\Users\\admin\\Desktop\\Namaste_React\\src\\utils\\useContextApi.js","statementMap":{"0":{"start":{"line":4,"column":22},"end":{"line":6,"column":2}}},"fnMap":{},"branchMap":{},"s":{"0":1},"f":{},"b":{},"_coverageSchema":"1a1c01bbd47fc00a2c39e90264f33305004495a9","hash":"9921c22829ac6426bb0157f061f7994e458e921d"}
,"C:\\Users\\admin\\Desktop\\Namaste_React\\src\\utils\\useOnlineStatus.js": {"path":"C:\\Users\\admin\\Desktop\\Namaste_React\\src\\utils\\useOnlineStatus.js","statementMap":{"0":{"start":{"line":3,"column":24},"end":{"line":18,"column":1}},"1":{"start":{"line":5,"column":39},"end":{"line":5,"column":53}},"2":{"start":{"line":7,"column":0},"end":{"line":15,"column":5}},"3":{"start":{"line":9,"column":4},"end":{"line":11,"column":7}},"4":{"start":{"line":10,"column":8},"end":{"line":10,"column":31}},"5":{"start":{"line":12,"column":7},"end":{"line":14,"column":10}},"6":{"start":{"line":13,"column":9},"end":{"line":13,"column":31}},"7":{"start":{"line":17,"column":2},"end":{"line":17,"column":22}}},"fnMap":{"0":{"name":"(anonymous_0)","decl":{"start":{"line":3,"column":24},"end":{"line":3,"column":25}},"loc":{"start":{"line":3,"column":30},"end":{"line":18,"column":1}},"line":3},"1":{"name":"(anonymous_1)","decl":{"start":{"line":7,"column":10},"end":{"line":7,"column":11}},"loc":{"start":{"line":7,"column":14},"end":{"line":15,"column":1}},"line":7},"2":{"name":"(anonymous_2)","decl":{"start":{"line":9,"column":38},"end":{"line":9,"column":39}},"loc":{"start":{"line":9,"column":42},"end":{"line":11,"column":5}},"line":9},"3":{"name":"(anonymous_3)","decl":{"start":{"line":12,"column":41},"end":{"line":12,"column":42}},"loc":{"start":{"line":12,"column":47},"end":{"line":14,"column":8}},"line":12}},"branchMap":{},"s":{"0":1,"1":5,"2":5,"3":4,"4":0,"5":4,"6":0,"7":5},"f":{"0":5,"1":4,"2":0,"3":0},"b":{},"_coverageSchema":"1a1c01bbd47fc00a2c39e90264f33305004495a9","hash":"ba3466906c941d9a504d8bf68282133c512a464c"}
}
